<?xml version="1.0" encoding="UTF-8"?>
<testsuite xmlns:xsi="http://www.w3.org/2001/XMLSchema-instance" xsi:noNamespaceSchemaLocation="https://maven.apache.org/surefire/maven-surefire-plugin/xsd/surefire-test-report.xsd" version="3.0.2" name="es.cursosprhib.mediosdepago.persistencia.TestSpringData" time="1.692" tests="1" errors="0" skipped="0" failures="0">
  <properties>
[...]
</properties>
  <testcase name="contextLoads" classname="es.cursosprhib.mediosdepago.persistencia.TestSpringData" time="0.305">
    <system-out><![CDATA[
  .   ____          _            __ _ _
 /\\ / ___'_ __ _ _(_)_ __  __ _ \ \ \ \
( ( )\___ | '_ | '_| | '_ \/ _` | \ \ \ \
 \\/  ___)| |_)| | | | | || (_| |  ) ) ) )
  '  |____| .__|_| |_|_| |_\__, | / / / /
 =========|_|==============|___/=/_/_/_/

 :: Spring Boot ::                (v3.4.2)

2025-02-10T13:38:59.399+01:00  INFO 7374 --- [p01mdp-persistencia-sdata] [           main] e.c.m.persistencia.TestSpringData        : Starting TestSpringData using Java 17.0.12 with PID 7374 (started by mananas in /Users/mananas/Downloads/p01mdp-persistencia-sdata)
2025-02-10T13:38:59.400+01:00  INFO 7374 --- [p01mdp-persistencia-sdata] [           main] e.c.m.persistencia.TestSpringData        : No active profile set, falling back to 1 default profile: "default"
2025-02-10T13:38:59.488+01:00  INFO 7374 --- [p01mdp-persistencia-sdata] [           main] .s.d.r.c.RepositoryConfigurationDelegate : Bootstrapping Spring Data JPA repositories in DEFAULT mode.
2025-02-10T13:38:59.507+01:00  INFO 7374 --- [p01mdp-persistencia-sdata] [           main] .s.d.r.c.RepositoryConfigurationDelegate : Finished Spring Data repository scanning in 16 ms. Found 6 JPA repository interfaces.
2025-02-10T13:38:59.628+01:00  INFO 7374 --- [p01mdp-persistencia-sdata] [           main] com.zaxxer.hikari.HikariDataSource       : HikariPool-1 - Starting...
2025-02-10T13:38:59.752+01:00  INFO 7374 --- [p01mdp-persistencia-sdata] [           main] com.zaxxer.hikari.pool.HikariPool        : HikariPool-1 - Added connection com.mysql.cj.jdbc.ConnectionImpl@73fbdf68
2025-02-10T13:38:59.752+01:00  INFO 7374 --- [p01mdp-persistencia-sdata] [           main] com.zaxxer.hikari.HikariDataSource       : HikariPool-1 - Start completed.
2025-02-10T13:38:59.769+01:00  INFO 7374 --- [p01mdp-persistencia-sdata] [           main] o.hibernate.jpa.internal.util.LogHelper  : HHH000204: Processing PersistenceUnitInfo [name: default]
2025-02-10T13:38:59.783+01:00  INFO 7374 --- [p01mdp-persistencia-sdata] [           main] org.hibernate.Version                    : HHH000412: Hibernate ORM core version 6.6.5.Final
2025-02-10T13:38:59.792+01:00  INFO 7374 --- [p01mdp-persistencia-sdata] [           main] o.h.c.internal.RegionFactoryInitiator    : HHH000026: Second-level cache disabled
2025-02-10T13:38:59.872+01:00  INFO 7374 --- [p01mdp-persistencia-sdata] [           main] o.s.o.j.p.SpringPersistenceUnitInfo      : No LoadTimeWeaver setup: ignoring JPA class transformer
2025-02-10T13:38:59.912+01:00  INFO 7374 --- [p01mdp-persistencia-sdata] [           main] org.hibernate.orm.connections.pooling    : HHH10001005: Database info:
	Database JDBC URL [Connecting through datasource 'HikariDataSource (HikariPool-1)']
	Database driver: undefined/unknown
	Database version: 8.0.40
	Autocommit mode: undefined/unknown
	Isolation level: undefined/unknown
	Minimum pool size: undefined/unknown
	Maximum pool size: undefined/unknown
2025-02-10T13:39:00.216+01:00  INFO 7374 --- [p01mdp-persistencia-sdata] [           main] o.h.e.t.j.p.i.JtaPlatformInitiator       : HHH000489: No JTA platform available (set 'hibernate.transaction.jta.platform' to enable JTA platform integration)
2025-02-10T13:39:00.216+01:00  INFO 7374 --- [p01mdp-persistencia-sdata] [           main] j.LocalContainerEntityManagerFactoryBean : Initialized JPA EntityManagerFactory for persistence unit 'default'
2025-02-10T13:39:00.294+01:00  INFO 7374 --- [p01mdp-persistencia-sdata] [           main] o.s.d.j.r.query.QueryEnhancerFactory     : Hibernate is in classpath; If applicable, HQL parser will be used.
2025-02-10T13:39:00.600+01:00  INFO 7374 --- [p01mdp-persistencia-sdata] [           main] e.c.m.persistencia.TestSpringData        : Started TestSpringData in 1.282 seconds (process running for 1.532)
Optional[PersonaFisica [261, Encarnación, Escobar, Sánchez, 56295592X]]
Optional[ES98 2100 5953 8887 7459 4950]
PersonaFisica [253, Laura, Simón, Lorenzo, 32722044J]
PersonaFisica [19, Roberto, Pérez, Corbacho, 99959236V]
PersonaFisica [25, Ana Belén, López, García, 81268932L]
PersonaFisica [40, María Carmen, Perdomo, Sánchez, 27216801G]
PersonaFisica [72, Joaquín, Herreros, Felipe, 23193051N]
PersonaFisica [80, Irene, López, Palomo, 13525176A]
PersonaFisica [85, Ramón, López, Roselló, 62468425B]
PersonaFisica [92, Alberto, Cobo, López, 46116898N]
PersonaFisica [198, María, Cutillas, Pérez, 09297312E]
PersonaFisica [324, Vicente, Mercado, Perea, 34258024F]
PersonaFisica [346, Juan José, Romero, Pérez, 52788504P]
PersonaFisica [351, Pedro, Martínez, Pérez, 04928220X]
PersonaFisica [371, Ana María, Segui, Pellicer, 45005380S]
PersonaFisica [381, María Pilar, Pérez, Granados, 99559044W]
PersonaFisica [400, Enrique, Jiménez, Pérez, 62381182F]
PersonaFisica [457, Álvaro, Gutiérrez, Peña, 47512413W]
PersonaFisica [476, Javier, Ramírez, Pérez, 49857564G]
PersonaFisica [643, Esperanza, Montserrat, Ibáñez, 96335774K]
PersonaFisica [667, Mariano, López, González, 72049006B]
PersonaFisica [706, Andrés, López, López, 99509658C]
PersonaFisica [726, Teresa, Rubio, Pedraza, 06573267M]
PersonaFisica [734, Silvia, Pérez, Contreras, 75848946Y]
PersonaFisica [767, Antonio, Miralles, Peñalver, 35247731R]
PersonaFisica [781, María Rosario, Torre, López, 76545503P]
PersonaFisica [829, Francisco, Vázquez, López, 47318414P]
PersonaFisica [858, Yolanda, Sáez, Pérez, 41436322M]
PersonaFisica [871, Ana, Silvestre, Peñalver, 37466055K]
PersonaFisica [899, Joaquín, Reyes, Pérez, 35539932X]
PersonaFisica [932, María Luisa, Pérez, Rosa, 31881530B]
PersonaFisica [952, Daniel, Arias, Peris, 25641737A]
PersonaFisica [972, María Ángeles, Murcia, Pena, 09931878H]
PersonaFisica [1001, Pablo, Lopez, , 123456789A]
[ES06 0078 4941 1142 7264 1817, ES96 2105 6265 5666 6587 6401, ES42 2100 6114 6566 0029 0482]
[ES58 3058 0901 1419 9917 2168, ES78 0130 5649 0107 7841 3291]
]]></system-out>
  </testcase>
</testsuite>